<?xml version="1.0" encoding="UTF-8"?>
<!-- Generated by org.testng.reporters.JUnitReportReporter -->
<testsuite hostname="DESKTOP-CCMCD1O" failures="0" tests="4" name="com.spotify.oauth2.tests.PlayListTests" time="5.362" errors="0" timestamp="2022-03-04T09:46:28 IST" skipped="0">
  <testcase classname="com.spotify.oauth2.tests.PlayListTests" name="shouldBeAbleToCreateAPlayList" time="4.383"/>
  <system-out/>
  <testcase classname="com.spotify.oauth2.tests.PlayListTests" name="shouldNotBeAbleToCreateAPlayListWithOutName" time="0.208"/>
  <system-out/>
  <testcase classname="com.spotify.oauth2.tests.PlayListTests" name="shouldBeAbleToUpdateAPlayList" time="0.395"/>
  <system-out/>
  <testcase classname="com.spotify.oauth2.tests.PlayListTests" name="shouldBeAbleToGetAPlayList" time="0.376"/>
  <system-out/>
</testsuite> <!-- com.spotify.oauth2.tests.PlayListTests -->
