<?xml version="1.0" encoding="UTF-8"?>
<!-- Generated by org.testng.reporters.JUnitReportReporter -->
<testsuite hostname="DESKTOP-CCMCD1O" failures="0" tests="6" name="spotify.oauth2.tests.PlayListTests" time="3.060" errors="0" timestamp="2022-03-01T16:19:03 IST" skipped="0">
  <testcase classname="spotify.oauth2.tests.PlayListTests" name="beforeClass" time="0.688"/>
  <system-out/>
  <testcase classname="spotify.oauth2.tests.PlayListTests" name="shouldBeAbleToGetAPlayList" time="0.255"/>
  <system-out/>
  <testcase classname="spotify.oauth2.tests.PlayListTests" name="shouldNotBeAbleToCreateAPlayListWithOutName" time="0.203"/>
  <system-out/>
  <testcase classname="spotify.oauth2.tests.PlayListTests" name="shouldBeAbleToCreateAPlayList" time="1.346"/>
  <system-out/>
  <testcase classname="spotify.oauth2.tests.PlayListTests" name="shouldNotBeAbleToCreateAPlayListWithExpiredToken" time="0.305"/>
  <system-out/>
  <testcase classname="spotify.oauth2.tests.PlayListTests" name="shouldBeAbleToUpdateAPlayList" time="0.263"/>
  <system-out/>
</testsuite> <!-- spotify.oauth2.tests.PlayListTests -->
